#
# An unexpected error has been detected by Java Runtime Environment:
#
#  EXCEPTION_ACCESS_VIOLATION (0xc0000005) at pc=0x000000006da3b2d8, pid=6904, tid=6660
#
# Java VM: Java HotSpot(TM) 64-Bit Server VM (11.3-b02 mixed mode windows-amd64)
# Problematic frame:
# V  [jvm.dll+0x1ab2d8]
#
# If you would like to submit a bug report, please visit:
#   http://java.sun.com/webapps/bugreport/crash.jsp
#

---------------  T H R E A D  ---------------

Current thread (0x00000000490d9000):  JavaThread "Java2D Disposer" daemon [_thread_in_vm, id=6660, stack(0x0000000049b60000,0x0000000049c60000)]

siginfo: ExceptionCode=0xc0000005, reading address 0x0000000000000011

Registers:
EAX=0x0000000049c5f378, EBX=0x0000000049006c58, ECX=0x0000000000000000, EDX=0x00000000490d9000
ESP=0x0000000049c5f2d0, EBP=0x0000000000000000, ESI=0x0000000048ffe9f0, EDI=0x0000000049c5f550
EIP=0x000000006da3b2d8, EFLAGS=0x0000000000010203

Top of Stack: (sp=0x0000000049c5f2d0)
0x0000000049c5f2d0:   00000000051e7230 000000006db8e9a1
0x0000000049c5f2e0:   000000000000000c 00000000490d9000
0x0000000049c5f2f0:   0000000049c5f420 0000000049006820
0x0000000049c5f300:   0000000048ffe9f0 0000000049006820
0x0000000049c5f310:   0000000049006830 0000000049006c08
0x0000000049c5f320:   0000000049006830 0000000049c5f478
0x0000000049c5f330:   0000000049c5f420 000000006da203d2
0x0000000049c5f340:   0000000049c5f420 0000000049c5f420
0x0000000049c5f350:   00000000ffffffff 0000000049c5f550
0x0000000049c5f360:   00000000490d91c0 0000000000000000
0x0000000049c5f370:   000000000212b758 0000000049006c50
0x0000000049c5f380:   0000000049000000 000000006da00832
0x0000000049c5f390:   000000000212b758 0000000800000002
0x0000000049c5f3a0:   000000006dcba6f0 000000006db96bda
0x0000000049c5f3b0:   0000000002163d8a 000000006da22ca3
0x0000000049c5f3c0:   0000000049000000 0000000049c5f200 

Instructions: (pc=0x000000006da3b2d8)
0x000000006da3b2c8:   00 00 4c 89 2c c8 ff 84 24 98 01 00 00 4c 8b 03
0x000000006da3b2d8:   49 8b 40 10 4d 8b 40 18 0f b7 48 3a 4d 8b 44 c8 


Stack: [0x0000000049b60000,0x0000000049c60000],  sp=0x0000000049c5f2d0,  free space=1020k
Native frames: (J=compiled Java code, j=interpreted, Vv=VM code, C=native code)
V  [jvm.dll+0x1ab2d8]

[error occurred during error reporting (printing native stack), id 0xc0000005]

Java frames: (J=compiled Java code, j=interpreted, Vv=VM code)
j  java.awt.Cursor.finalizeImpl(J)V+0
j  java.awt.Cursor.access$000(J)V+1
j  java.awt.Cursor$CursorDisposer.dispose()V+13
j  sun.java2d.Disposer.run()V+26
j  java.lang.Thread.run()V+11
v  ~StubRoutines::call_stub

---------------  P R O C E S S  ---------------

Java Threads: ( => current thread )
  0x000000004ab1f800 JavaThread "Thread-1" daemon [_thread_in_native, id=7132, stack(0x000000004a300000,0x000000004a400000)]
  0x000000004b740400 JavaThread "AWT-EventQueue-0" [_thread_blocked, id=7140, stack(0x000000004a200000,0x000000004a300000)]
  0x000000004a697400 JavaThread "Thread-3" [_thread_in_native, id=6664, stack(0x000000004a100000,0x000000004a200000)]
  0x0000000049064c00 JavaThread "TimerQueue" daemon [_thread_blocked, id=5100, stack(0x000000004b640000,0x000000004b740000)]
  0x00000000003eb800 JavaThread "DestroyJavaVM" [_thread_blocked, id=6932, stack(0x0000000002020000,0x0000000002120000)]
  0x00000000490da800 JavaThread "AWT-Windows" daemon [_thread_blocked, id=6604, stack(0x0000000049e60000,0x0000000049f60000)]
  0x00000000490d9c00 JavaThread "AWT-Shutdown" [_thread_blocked, id=6676, stack(0x0000000049d60000,0x0000000049e60000)]
=>0x00000000490d9000 JavaThread "Java2D Disposer" daemon [_thread_in_vm, id=6660, stack(0x0000000049b60000,0x0000000049c60000)]
  0x000000004900dc00 JavaThread "Low Memory Detector" daemon [_thread_blocked, id=4896, stack(0x0000000049850000,0x0000000049950000)]
  0x0000000049005000 JavaThread "CompilerThread1" daemon [_thread_blocked, id=4900, stack(0x0000000049750000,0x0000000049850000)]
  0x0000000048ffec00 JavaThread "CompilerThread0" daemon [_thread_blocked, id=6412, stack(0x0000000049650000,0x0000000049750000)]
  0x0000000048fabc00 JavaThread "Attach Listener" daemon [_thread_blocked, id=4008, stack(0x0000000049550000,0x0000000049650000)]
  0x0000000048fab400 JavaThread "Signal Dispatcher" daemon [_thread_blocked, id=7128, stack(0x0000000049450000,0x0000000049550000)]
  0x000000000052c400 JavaThread "Finalizer" daemon [_thread_blocked, id=1120, stack(0x0000000049350000,0x0000000049450000)]
  0x0000000000529800 JavaThread "Reference Handler" daemon [_thread_blocked, id=4908, stack(0x0000000049250000,0x0000000049350000)]

Other Threads:
  0x0000000000528000 VMThread [stack: 0x0000000049150000,0x0000000049250000] [id=6192]
  0x000000004900f400 WatcherThread [stack: 0x0000000049950000,0x0000000049a50000] [id=1340]

VM state:synchronizing (normal execution)

VM Mutex/Monitor currently owned by a thread:  ([mutex/lock_event])
[0x00000000003e9d80] UNKNOWN - owner thread: 0x0000000000528000

Heap
 PSYoungGen      total 18624K, used 3716K [0x0000000033de0000, 0x00000000352a0000, 0x00000000489e0000)
  eden space 16000K, 7% used [0x0000000033de0000,0x0000000033efb470,0x0000000034d80000)
  from space 2624K, 98% used [0x0000000034d80000,0x0000000035005d60,0x0000000035010000)
  to   space 2624K, 0% used [0x0000000035010000,0x0000000035010000,0x00000000352a0000)
 PSOldGen        total 42496K, used 305K [0x000000000a5e0000, 0x000000000cf60000, 0x0000000033de0000)
  object space 42496K, 0% used [0x000000000a5e0000,0x000000000a62c6e8,0x000000000cf60000)
 PSPermGen       total 21248K, used 14536K [0x00000000051e0000, 0x00000000066a0000, 0x000000000a5e0000)
  object space 21248K, 68% used [0x00000000051e0000,0x00000000060121a8,0x00000000066a0000)

Dynamic libraries:
0x0000000000400000 - 0x000000000042e000 	E:\MyEcplise\Common\binary\com.sun.java.jdk.win32.x86_64_1.6.0.013\bin\javaw.exe
0x0000000076cb0000 - 0x0000000076e59000 	C:\Windows\SYSTEM32\ntdll.dll
0x0000000076a90000 - 0x0000000076baf000 	C:\Windows\system32\kernel32.dll
0x000007fefceb0000 - 0x000007fefcf1b000 	C:\Windows\system32\KERNELBASE.dll
0x000007fefd2b0000 - 0x000007fefd38b000 	C:\Windows\system32\ADVAPI32.dll
0x000007fefdd00000 - 0x000007fefdd9f000 	C:\Windows\system32\msvcrt.dll
0x000007fefd0b0000 - 0x000007fefd0cf000 	C:\Windows\SYSTEM32\sechost.dll
0x000007fefd400000 - 0x000007fefd52d000 	C:\Windows\system32\RPCRT4.dll
0x0000000076bb0000 - 0x0000000076caa000 	C:\Windows\system32\USER32.dll
0x000007fefd390000 - 0x000007fefd3f7000 	C:\Windows\system32\GDI32.dll
0x000007fefcfc0000 - 0x000007fefcfce000 	C:\Windows\system32\LPK.dll
0x000007fefda10000 - 0x000007fefdad9000 	C:\Windows\system32\USP10.dll
0x000007fefe070000 - 0x000007fefe09e000 	C:\Windows\system32\IMM32.DLL
0x000007fefdae0000 - 0x000007fefdbe9000 	C:\Windows\system32\MSCTF.dll
0x000000006d890000 - 0x000000006de48000 	E:\MyEcplise\Common\binary\com.sun.java.jdk.win32.x86_64_1.6.0.013\jre\bin\server\jvm.dll
0x000007fefa990000 - 0x000007fefa9cb000 	C:\Windows\system32\WINMM.dll
0x000000006d3b0000 - 0x000000006d3ba000 	E:\MyEcplise\Common\binary\com.sun.java.jdk.win32.x86_64_1.6.0.013\jre\bin\hpi.dll
0x0000000076e70000 - 0x0000000076e77000 	C:\Windows\system32\PSAPI.DLL
0x000000006d800000 - 0x000000006d80e000 	E:\MyEcplise\Common\binary\com.sun.java.jdk.win32.x86_64_1.6.0.013\jre\bin\verify.dll
0x000000006d450000 - 0x000000006d477000 	E:\MyEcplise\Common\binary\com.sun.java.jdk.win32.x86_64_1.6.0.013\jre\bin\java.dll
0x000000006d850000 - 0x000000006d862000 	E:\MyEcplise\Common\binary\com.sun.java.jdk.win32.x86_64_1.6.0.013\jre\bin\zip.dll
0x000000006d0a0000 - 0x000000006d262000 	E:\MyEcplise\Common\binary\com.sun.java.jdk.win32.x86_64_1.6.0.013\jre\bin\awt.dll
0x000007fef6de0000 - 0x000007fef6e51000 	C:\Windows\system32\WINSPOOL.DRV
0x000007fefd800000 - 0x000007fefda03000 	C:\Windows\system32\ole32.dll
0x000007fefe230000 - 0x000007fefefb8000 	C:\Windows\system32\SHELL32.dll
0x000007fefd5b0000 - 0x000007fefd621000 	C:\Windows\system32\SHLWAPI.dll
0x000007fefb650000 - 0x000007fefb844000 	C:\Windows\WinSxS\amd64_microsoft.windows.common-controls_6595b64144ccf1df_6.0.7601.17514_none_fa396087175ac9ac\comctl32.dll
0x000007fefb010000 - 0x000007fefb028000 	C:\Windows\system32\DWMAPI.DLL
0x000007fefb470000 - 0x000007fefb4c6000 	C:\Windows\system32\uxtheme.dll
0x000000006d340000 - 0x000000006d3ab000 	E:\MyEcplise\Common\binary\com.sun.java.jdk.win32.x86_64_1.6.0.013\jre\bin\fontmanager.dll
0x0000000180000000 - 0x0000000180014000 	C:\Program Files (x86)\kingsoft\kingsoft antivirus\kwsui64.dll
0x000007fefcae0000 - 0x000007fefcaef000 	C:\Windows\system32\CRYPTBASE.dll
0x000000006d570000 - 0x000000006d5a5000 	E:\MyEcplise\Common\binary\com.sun.java.jdk.win32.x86_64_1.6.0.013\jre\bin\jpeg.dll
0x000000006d6a0000 - 0x000000006d6b7000 	E:\MyEcplise\Common\binary\com.sun.java.jdk.win32.x86_64_1.6.0.013\jre\bin\net.dll
0x000007fefdc90000 - 0x000007fefdcdd000 	C:\Windows\system32\WS2_32.dll
0x000007fefe060000 - 0x000007fefe068000 	C:\Windows\system32\NSI.dll
0x000007fefc420000 - 0x000007fefc475000 	C:\Windows\system32\mswsock.dll
0x000007fefc410000 - 0x000007fefc417000 	C:\Windows\System32\wship6.dll
0x000000006d6c0000 - 0x000000006d6cb000 	E:\MyEcplise\Common\binary\com.sun.java.jdk.win32.x86_64_1.6.0.013\jre\bin\nio.dll
0x000007fefcfd0000 - 0x000007fefd0a7000 	C:\Windows\system32\OLEAUT32.DLL
0x000007fefbde0000 - 0x000007fefbde7000 	C:\Windows\System32\wshtcpip.dll
0x000007fefc480000 - 0x000007fefc497000 	C:\Windows\system32\CRYPTSP.dll
0x000007fefc180000 - 0x000007fefc1c7000 	C:\Windows\system32\rsaenh.dll
0x000007fefcb90000 - 0x000007fefcba4000 	C:\Windows\system32\RpcRtRemote.dll

VM Arguments:
jvm_args: -Dfile.encoding=GBK 
java_command: com.qq.client.view.Login
Launcher Type: SUN_STANDARD

Environment Variables:
JAVA_HOME=E:\jdk1.8\jre
CLASSPATH=E:\jdk1.8\jdk1.8\lib\rt.jar;.;.;E:\jdk1.8\jre\lib;E:\jdk1.8\jre\lib\toos.jar;E:\Tomcat\lib;E:\Tomcat\lib\servelt-api.jar; 
PATH=E:\Oracle10g\bin;E:\Oracle10g\Oracle10g\bin;C:\Windows\system32;C:\Windows;C:\Windows\System32\Wbem;C:\Windows\System32\WindowsPowerShell\v1.0\;E:\Matlab\bin\win32;E:\jdk1.8\bin;C:\Program Files (x86)\Microsoft SQL Server\100\Tools\Binn\;C:\Program Files\Microsoft SQL Server\100\Tools\Binn\;C:\Program Files\Microsoft SQL Server\100\DTS\Binn\;C:\Program Files (x86)\Microsoft SQL Server\100\Tools\Binn\VSShell\Common7\IDE\;C:\Program Files (x86)\Microsoft SQL Server\100\DTS\Binn\;C:\Program Files (x86)\Microsoft Visual Studio 9.0\Common7\IDE\PrivateAssemblies\;E:\Android\adt\sdk\tools
USERNAME=Administrator
OS=Windows_NT
PROCESSOR_IDENTIFIER=Intel64 Family 6 Model 58 Stepping 9, GenuineIntel



---------------  S Y S T E M  ---------------

OS: Windows NT 6.1 Build 7601 Service Pack 1

CPU:total 2 (8 cores per cpu, 2 threads per core) family 6 model 10 stepping 9, cmov, cx8, fxsr, mmx, sse, sse2, sse3, ssse3, ht

Memory: 4k page, physical 4077244k(2008684k free), swap 5123976k(2640244k free)

vm_info: Java HotSpot(TM) 64-Bit Server VM (11.3-b02) for windows-amd64 JRE (1.6.0_13-b03), built on Mar  9 2009 10:50:19 by "java_re" with MS VC++ 8.0

time: Sun Jan 11 15:01:04 2015
elapsed time: 121 seconds

